<?xml version="1.0" encoding="UTF-8"?>
<!-- Generated by org.testng.reporters.JUnitReportReporter -->
<testsuite skipped="0" hostname="SONY-VAIO" name="MyJenkinsTest.MyJenkinsTest" tests="1" failures="0" timestamp="2019-09-14T13:55:50 IST" time="15.477" errors="0">
  <testcase name="VerifyTitle" time="15.477" classname="MyJenkinsTest.MyJenkinsTest"/>
</testsuite> <!-- MyJenkinsTest.MyJenkinsTest -->
