<?xml version="1.0" encoding="UTF-8"?>
<!-- Generated by org.testng.reporters.JUnitReportReporter -->
<testsuite skipped="0" hostname="SONY-VAIO" name="MyJenkinsTest.MyJenkinsTest" tests="1" failures="0" timestamp="2019-09-22T11:14:15 IST" time="13.442" errors="0">
  <testcase name="VerifyTitle" time="13.442" classname="MyJenkinsTest.MyJenkinsTest"/>
</testsuite> <!-- MyJenkinsTest.MyJenkinsTest -->
